["2024-09-10T08:12:59.483", "DEBUG", "ubuntupro.config", "parse_config", 491, "Using client configuration file at /etc/ubuntu-advantage/uaclient.conf", {}]
["2024-09-10T08:12:59.485", "DEBUG", "ubuntupro.system", "load_file", 522, "Reading file: /etc/ubuntu-advantage/uaclient.conf", {}]
["2024-09-10T08:12:59.485", "DEBUG", "ubuntupro.files.files", "read", 67, "Tried to load /var/lib/ubuntu-advantage/user-config.json but file does not exist", {}]
["2024-09-10T08:12:59.488", "DEBUG", "ubuntupro.http", "configure_web_proxy", 146, "Setting no_proxy: 169.254.169.254,[fd00:ec2::254],metadata", {}]
["2024-09-10T08:12:59.489", "DEBUG", "ubuntupro.http", "configure_web_proxy", 154, "Setting global proxy dict", {}]
["2024-09-10T08:12:59.489", "DEBUG", "ubuntupro.cli", "main", 1428, "Executed with sys.argv: ['/usr/bin/pro', 'status', '--format=json']", {}]
["2024-09-10T08:12:59.489", "DEBUG", "ubuntupro.files.files", "read", 67, "Tried to load /var/lib/ubuntu-advantage/machine-token.json but file does not exist", {}]
["2024-09-10T08:12:59.489", "DEBUG", "ubuntupro.system", "load_file", 522, "Reading file: /etc/os-release", {}]
["2024-09-10T08:12:59.489", "DEBUG", "ubuntupro.system", "load_file", 522, "Reading file: /proc/version_signature", {}]
["2024-09-10T08:12:59.662", "DEBUG", "ubuntupro.system", "load_file", 522, "Reading file: /proc/1/cgroup", {}]
["2024-09-10T08:12:59.663", "DEBUG", "ubuntupro.files.files", "read", 67, "Tried to load /var/lib/ubuntu-advantage/machine-token.json but file does not exist", {}]
["2024-09-10T08:12:59.663", "DEBUG", "ubuntupro.http", "readurl", 345, "URL [GET]: https://contracts.canonical.com/v1/resources?architecture=amd64&kernel=6.8.0-41-generic&series=noble&virt=, headers: {'accept': 'application/json', 'content-type': 'application/json', 'user-agent': 'UA-Client/32.3.1~24.04'}, data: None", {}]
["2024-09-10T08:12:59.663", "DEBUG", "ubuntupro.http", "should_use_pycurl", 208, "Should use pycurl: False", {}]
["2024-09-10T08:13:00.337", "DEBUG", "ubuntupro.http", "readurl", 385, "URL [GET] response: https://contracts.canonical.com/v1/resources?architecture=amd64&kernel=6.8.0-41-generic&series=noble&virt=, headers: {'accept-ranges': 'bytes', 'cache-control': 'no-store, max-age=0', 'connection': 'close', 'content-length': '885', 'content-type': 'application/json', 'date': 'Tue, 10 Sep 2024 03:13:00 GMT', 'server': 'nginx/1.18.0 (Ubuntu)', 'strict-transport-security': 'max-age=15724800; includeSubDomains', 'x-cache-status': 'MISS from content-cache-il3/4', 'x-trace-id': 'd167a569-66d7-4908-b536-2f2b279f673f'}, data: {'resources': [{'available': True, 'name': 'anbox-cloud'}, {'available': True, 'name': 'anbox-images'}, {'available': True, 'name': 'cc'}, {'available': False, 'name': 'cc-eal'}, {'available': False, 'name': 'cis', 'presentedAs': 'usg'}, {'available': False, 'name': 'esm'}, {'available': True, 'name': 'esm-apps'}, {'available': False, 'name': 'esm-apps-python'}, {'available': True, 'name': 'esm-infra'}, {'available': False, 'name': 'esm-infra-legacy'}, {'available': False, 'name': 'esm-python'}, {'available': False, 'name': 'esm-ros'}, {'available': False, 'name': 'fips'}, {'available': False, 'name': 'fips-preview'}, {'available': False, 'name': 'fips-updates'}, {'available': True, 'name': 'landscape'}, {'available': True, 'name': 'livepatch'}, {'available': True, 'name': 'livepatch-onprem'}, {'available': True, 'name': 'realtime-kernel'}, {'available': False, 'name': 'ros'}, {'available': False, 'name': 'ros-updates'}, {'available': True, 'name': 'support'}]}", {}]
["2024-09-10T08:13:00.340", "DEBUG", "ubuntupro.status", "_unattached_status", 300, "Ignoring availability of unknown service anbox-images from contract server", {}]
["2024-09-10T08:13:00.340", "DEBUG", "ubuntupro.status", "_unattached_status", 300, "Ignoring availability of unknown service cc from contract server", {}]
["2024-09-10T08:13:00.340", "DEBUG", "ubuntupro.status", "_unattached_status", 300, "Ignoring availability of unknown service esm from contract server", {}]
["2024-09-10T08:13:00.340", "DEBUG", "ubuntupro.status", "_unattached_status", 300, "Ignoring availability of unknown service esm-apps-python from contract server", {}]
["2024-09-10T08:13:00.340", "DEBUG", "ubuntupro.status", "_unattached_status", 300, "Ignoring availability of unknown service esm-infra-legacy from contract server", {}]
["2024-09-10T08:13:00.340", "DEBUG", "ubuntupro.status", "_unattached_status", 300, "Ignoring availability of unknown service esm-python from contract server", {}]
["2024-09-10T08:13:00.341", "DEBUG", "ubuntupro.status", "_unattached_status", 300, "Ignoring availability of unknown service esm-ros from contract server", {}]
["2024-09-10T08:13:00.341", "DEBUG", "ubuntupro.livepatch", "status", 126, "canonical-livepatch is not installed", {}]
["2024-09-10T08:13:00.341", "DEBUG", "ubuntupro.files.files", "read", 67, "Tried to load /home/alm-hexly9/.cache/ubuntu-pro/livepatch-kernel-support-cache.json but file does not exist", {}]
["2024-09-10T08:13:00.341", "DEBUG", "ubuntupro.livepatch", "on_supported_kernel", 361, "using livepatch support api", {}]
["2024-09-10T08:13:00.341", "DEBUG", "ubuntupro.config", "parse_config", 491, "Using client configuration file at /etc/ubuntu-advantage/uaclient.conf", {}]
["2024-09-10T08:13:00.341", "DEBUG", "ubuntupro.system", "load_file", 522, "Reading file: /etc/ubuntu-advantage/uaclient.conf", {}]
["2024-09-10T08:13:00.341", "DEBUG", "ubuntupro.files.files", "read", 67, "Tried to load /var/lib/ubuntu-advantage/user-config.json but file does not exist", {}]
["2024-09-10T08:13:00.341", "DEBUG", "ubuntupro.http", "readurl", 345, "URL [GET]: https://livepatch.canonical.com/v1/api/kernels/supported?architecture=amd64&build-date=2024-08-02T20%3A41%3A06%2B00%3A00&codename=noble&flavour=generic&kernel-version=6.8, headers: {'accept': 'application/json', 'content-type': 'application/json', 'user-agent': 'UA-Client/32.3.1~24.04'}, data: None", {}]
["2024-09-10T08:13:00.341", "DEBUG", "ubuntupro.http", "should_use_pycurl", 208, "Should use pycurl: False", {}]
["2024-09-10T08:13:01.068", "DEBUG", "ubuntupro.http", "readurl", 385, "URL [GET] response: https://livepatch.canonical.com/v1/api/kernels/supported?architecture=amd64&build-date=2024-08-02T20%3A41%3A06%2B00%3A00&codename=noble&flavour=generic&kernel-version=6.8, headers: {'accept-ranges': 'bytes', 'cache-control': 'no-store, max-age=0', 'connection': 'close', 'content-length': '58', 'content-type': 'application/json', 'date': 'Tue, 10 Sep 2024 03:13:01 GMT', 'server': 'nginx/1.18.0 (Ubuntu)', 'strict-transport-security': 'max-age=15724800; includeSubDomains', 'x-cache-status': 'MISS from content-cache-il3/1'}, data: {'SruDate': datetime.datetime(2025, 9, 2, 20, 41, 6, tzinfo=datetime.timezone.utc), 'Supported': 'supported'}", {}]
["2024-09-10T08:13:01.069", "DEBUG", "ubuntupro.system", "write_file", 561, "Writing file /home/alm-hexly9/.cache/ubuntu-pro/livepatch-kernel-support-cache.json atomically via tempfile /home/alm-hexly9/.cache/ubuntu-pro/tmp39y9dphn", {}]
["2024-09-10T08:13:01.070", "DEBUG", "ubuntupro.status", "_unattached_status", 300, "Ignoring availability of unknown service livepatch-onprem from contract server", {}]
["2024-09-10T08:13:01.070", "DEBUG", "ubuntupro.status", "_unattached_status", 300, "Ignoring availability of unknown service support from contract server", {}]
["2024-09-10T08:13:01.070", "DEBUG", "ubuntupro.files.files", "read", 67, "Tried to load /var/lib/ubuntu-advantage/lock but file does not exist", {}]
["2024-09-10T08:13:01.070", "DEBUG", "ubuntupro.files.files", "read", 67, "Tried to load /var/lib/ubuntu-advantage/user-config.json but file does not exist", {}]
