2024-09-11 11:24:31.393 [info] Extension host with pid 7575 started
2024-09-11 11:24:31.458 [info] ExtensionService#_doActivateExtension vscode.git-base, startup: true, activationEvent: '*', root cause: vscode.git
2024-09-11 11:24:31.476 [info] ExtensionService#_doActivateExtension vscode.git, startup: true, activationEvent: '*'
2024-09-11 11:24:31.529 [info] ExtensionService#_doActivateExtension vscode.github, startup: true, activationEvent: '*'
2024-09-11 11:24:31.591 [info] Eager extensions activated
2024-09-11 11:24:31.597 [info] ExtensionService#_doActivateExtension vscode.debug-auto-launch, startup: false, activationEvent: 'onStartupFinished'
2024-09-11 11:24:31.598 [info] ExtensionService#_doActivateExtension vscode.merge-conflict, startup: false, activationEvent: 'onStartupFinished'
2024-09-11 11:25:02.810 [info] ExtensionService#_doActivateExtension vscode.emmet, startup: false, activationEvent: 'onLanguage'
2024-09-11 11:25:11.442 [info] ExtensionService#_doActivateExtension vscode.html-language-features, startup: false, activationEvent: 'onLanguage:html'
2024-09-11 11:27:00.622 [info] Extension host terminating: renderer closed the MessagePort
2024-09-11 11:27:00.630 [info] Extension host with pid 7575 exiting with code 0
2024-09-11 11:27:01.378 [info] Extension host with pid 7865 started
2024-09-11 11:27:01.378 [info] Skipping acquiring lock for /home/alm-hexly9/.config/Code/User/workspaceStorage/d530456c5e8eb9ec8075b360bbc658e3.
2024-09-11 11:27:01.424 [info] ExtensionService#_doActivateExtension vscode.git-base, startup: true, activationEvent: '*'
2024-09-11 11:27:01.433 [info] ExtensionService#_doActivateExtension vscode.github, startup: true, activationEvent: '*'
2024-09-11 11:27:01.447 [info] Eager extensions activated
2024-09-11 11:27:01.453 [info] ExtensionService#_doActivateExtension vscode.debug-auto-launch, startup: false, activationEvent: 'onStartupFinished'
2024-09-11 11:27:01.455 [info] ExtensionService#_doActivateExtension vscode.merge-conflict, startup: false, activationEvent: 'onStartupFinished'
2024-09-11 11:27:07.771 [info] ExtensionService#_doActivateExtension vscode.git, startup: false, activationEvent: 'api', root cause: vscode.github
2024-09-11 11:27:28.594 [info] ExtensionService#_doActivateExtension vscode.emmet, startup: false, activationEvent: 'onLanguage'
2024-09-11 11:27:32.560 [info] ExtensionService#_doActivateExtension vscode.html-language-features, startup: false, activationEvent: 'onLanguage:html'
2024-09-11 11:34:43.283 [info] ExtensionService#_doActivateExtension vscode.debug-server-ready, startup: false, activationEvent: 'onDebugResolve'
2024-09-11 11:34:53.094 [info] ExtensionService#_doActivateExtension ms-vscode.js-debug, startup: false, activationEvent: 'onDebugResolve:pwa-chrome'
2024-09-11 11:35:05.387 [info] ExtensionService#_doActivateExtension vscode.configuration-editing, startup: false, activationEvent: 'onLanguage:jsonc'
2024-09-11 11:35:05.399 [info] ExtensionService#_doActivateExtension vscode.json-language-features, startup: false, activationEvent: 'onLanguage:jsonc'
2024-09-11 11:35:05.433 [info] ExtensionService#_doActivateExtension vscode.typescript-language-features, startup: false, activationEvent: 'onLanguage:jsonc'
2024-09-11 11:54:13.503 [info] ExtensionService#_doActivateExtension vscode.media-preview, startup: false, activationEvent: 'onCustomEditor:imagePreview.previewEditor'
2024-09-11 11:54:14.513 [error] EntryNotFound (FileSystemError): Error: ENOENT: no such file or directory, stat '/home/alm-hexly9/1 Тис/Чернышов/кот норм такой.jpeg'
	at P.e (/snap/code/168/usr/share/code/resources/app/out/vs/workbench/api/node/extensionHostProcess.js:160:6206)
	at Object.stat (/snap/code/168/usr/share/code/resources/app/out/vs/workbench/api/node/extensionHostProcess.js:160:3977)
2024-09-11 12:07:55.315 [info] Extension host terminating: renderer closed the MessagePort
2024-09-11 12:07:55.340 [info] Extension host with pid 7865 exiting with code 0
