2024-09-11 11:24:31.065 [info] Started local extension host with pid 7575.
2024-09-11 11:24:31.101 [info] Started initializing default profile extensions in extensions installation folder. file:///home/alm-hexly9/.vscode/extensions
2024-09-11 11:24:31.226 [info] Completed initializing default profile extensions in extensions installation folder. file:///home/alm-hexly9/.vscode/extensions
2024-09-11 11:24:33.962 [info] [perf] Render performance baseline is 17ms
2024-09-11 11:27:01.178 [info] Started local extension host with pid 7865.
2024-09-11 11:27:04.044 [info] [perf] Render performance baseline is 24ms
2024-09-11 11:34:53.472 [error] [Extension Host] grep: /usr/bin/X11: предупреждение: каталоги зациклены
2024-09-11 11:34:53.505 [error] [Extension Host] grep: /usr/bin/X11: предупреждение: каталоги зациклены
2024-09-11 11:34:53.528 [error] [Extension Host] grep: /usr/bin/X11: предупреждение: каталоги зациклены
2024-09-11 11:35:01.570 [error] [Extension Host] grep: /usr/bin/X11: предупреждение: каталоги зациклены
2024-09-11 11:35:01.595 [error] [Extension Host] grep: /usr/bin/X11: предупреждение: каталоги зациклены
2024-09-11 11:35:01.622 [error] [Extension Host] grep: /usr/bin/X11: предупреждение: каталоги зациклены
2024-09-11 11:35:25.490 [error] [Extension Host] grep: /usr/bin/X11: предупреждение: каталоги зациклены
2024-09-11 11:35:25.517 [error] [Extension Host] grep: /usr/bin/X11: предупреждение: каталоги зациклены
2024-09-11 11:35:25.539 [error] [Extension Host] grep: /usr/bin/X11: предупреждение: каталоги зациклены
2024-09-11 11:35:33.994 [error] [Extension Host] grep: /usr/bin/X11: предупреждение: каталоги зациклены
2024-09-11 11:35:34.011 [error] [Extension Host] grep: /usr/bin/X11: предупреждение: каталоги зациклены
2024-09-11 11:35:34.035 [error] [Extension Host] grep: /usr/bin/X11: предупреждение: каталоги зациклены
2024-09-11 11:35:38.012 [error] [Extension Host] grep: /usr/bin/X11: предупреждение: каталоги зациклены
2024-09-11 11:35:38.039 [error] [Extension Host] grep: /usr/bin/X11: предупреждение: каталоги зациклены
2024-09-11 11:35:38.065 [error] [Extension Host] grep: /usr/bin/X11: предупреждение: каталоги зациклены
2024-09-11 11:38:00.273 [error] [Extension Host] grep: /usr/bin/X11: предупреждение: каталоги зациклены
2024-09-11 11:38:00.296 [error] [Extension Host] grep: /usr/bin/X11: предупреждение: каталоги зациклены
2024-09-11 11:38:00.318 [error] [Extension Host] grep: /usr/bin/X11: предупреждение: каталоги зациклены
2024-09-11 11:52:47.399 [error] [Extension Host] grep: /usr/bin/X11: предупреждение: каталоги зациклены
2024-09-11 11:52:47.425 [error] [Extension Host] grep: /usr/bin/X11: предупреждение: каталоги зациклены
2024-09-11 11:52:47.450 [error] [Extension Host] grep: /usr/bin/X11: предупреждение: каталоги зациклены
2024-09-11 11:54:14.515 [error] Error: ENOENT: no such file or directory, stat '/home/alm-hexly9/1 Тис/Чернышов/кот норм такой.jpeg': EntryNotFound (FileSystemError): Error: ENOENT: no such file or directory, stat '/home/alm-hexly9/1 Тис/Чернышов/кот норм такой.jpeg'
	at P.e (/snap/code/168/usr/share/code/resources/app/out/vs/workbench/api/node/extensionHostProcess.js:160:6206)
	at Object.stat (/snap/code/168/usr/share/code/resources/app/out/vs/workbench/api/node/extensionHostProcess.js:160:3977)
2024-09-11 11:54:21.147 [error] Error: The editor could not be opened because the file was not found.
    at N.gc (vscode-file://vscode-app/snap/code/168/usr/share/code/resources/app/out/vs/workbench/workbench.desktop.main.js:2451:30725)
    at async N.setInput (vscode-file://vscode-app/snap/code/168/usr/share/code/resources/app/out/vs/workbench/workbench.desktop.main.js:2451:29589)
    at async o.S (vscode-file://vscode-app/snap/code/168/usr/share/code/resources/app/out/vs/workbench/workbench.desktop.main.js:2449:24889)
    at async o.L (vscode-file://vscode-app/snap/code/168/usr/share/code/resources/app/out/vs/workbench/workbench.desktop.main.js:2449:23416)
    at async o.openEditor (vscode-file://vscode-app/snap/code/168/usr/share/code/resources/app/out/vs/workbench/workbench.desktop.main.js:2449:22399)
    at async vscode-file://vscode-app/snap/code/168/usr/share/code/resources/app/out/vs/workbench/workbench.desktop.main.js:2577:27047
    at async vscode-file://vscode-app/snap/code/168/usr/share/code/resources/app/out/vs/workbench/workbench.desktop.main.js:2455:37960
