2024-09-11 11:24:31.023 [info] Added views:workbench.panel.markers.view in workbench.panel.markers
2024-09-11 11:24:31.023 [info] Added views:workbench.panel.output in workbench.panel.output
2024-09-11 11:24:31.023 [info] Added views:terminal in terminal
2024-09-11 11:24:31.023 [info] Added views:outline in workbench.view.explorer
2024-09-11 11:24:31.023 [info] Added views:workbench.scm in workbench.view.scm
2024-09-11 11:24:31.023 [info] Added views:workbench.view.search in workbench.view.search
2024-09-11 11:24:31.023 [info] Added views:timeline in workbench.view.explorer
2024-09-11 11:24:31.023 [info] Added views:workbench.explorer.emptyView in workbench.view.explorer
2024-09-11 11:24:31.112 [info] Added views:workbench.debug.variablesView,workbench.debug.watchExpressionsView,workbench.debug.callStackView,workbench.debug.breakPointsView in workbench.view.debug
2024-09-11 11:24:31.415 [info] Added views:~remote.forwardedPorts in ~remote.forwardedPortsContainer
2024-09-11 11:24:31.456 [info] Added views:workbench.panel.repl.view in workbench.panel.repl
2024-09-11 11:24:31.457 [info] Removed views:workbench.debug.breakPointsView,workbench.debug.callStackView,workbench.debug.watchExpressionsView,workbench.debug.variablesView from workbench.view.debug
2024-09-11 11:24:31.457 [info] Added views:workbench.debug.welcome in workbench.view.debug
2024-09-11 11:27:01.146 [info] Added views:workbench.panel.markers.view in workbench.panel.markers
2024-09-11 11:27:01.146 [info] Added views:workbench.panel.output in workbench.panel.output
2024-09-11 11:27:01.146 [info] Added views:terminal in terminal
2024-09-11 11:27:01.146 [info] Added views:outline in workbench.view.explorer
2024-09-11 11:27:01.146 [info] Added views:workbench.scm in workbench.view.scm
2024-09-11 11:27:01.146 [info] Added views:workbench.view.search in workbench.view.search
2024-09-11 11:27:01.146 [info] Added views:timeline in workbench.view.explorer
2024-09-11 11:27:01.146 [info] Added views:workbench.explorer.fileView in workbench.view.explorer
2024-09-11 11:27:01.242 [info] Added views:workbench.debug.variablesView,workbench.debug.watchExpressionsView,workbench.debug.callStackView,workbench.debug.breakPointsView in workbench.view.debug
2024-09-11 11:27:01.422 [info] Added views:workbench.panel.repl.view in workbench.panel.repl
2024-09-11 11:27:01.423 [info] Removed views:workbench.debug.breakPointsView,workbench.debug.callStackView,workbench.debug.watchExpressionsView,workbench.debug.variablesView from workbench.view.debug
2024-09-11 11:27:01.423 [info] Added views:workbench.debug.welcome in workbench.view.debug
2024-09-11 11:27:01.473 [info] Added views:~remote.forwardedPorts in ~remote.forwardedPortsContainer
2024-09-11 11:34:38.916 [info] Added views:workbench.debug.breakPointsView in workbench.view.debug
2024-09-11 11:35:05.525 [info] Removed views:workbench.debug.welcome from workbench.view.debug
2024-09-11 11:35:05.538 [info] Added views:workbench.debug.variablesView,workbench.debug.watchExpressionsView,workbench.debug.callStackView in workbench.view.debug
